2025-12-11 13:06:57,905 - INFO - 使用配置文件: config.ini
2025-12-11 13:06:57,905 - INFO - 开始数据库表记录数一致性校验...
2025-12-11 13:06:57,930 - INFO - 忽略校验的表: ['tmp_log', 'sys_history']
2025-12-11 13:06:57,930 - INFO - 忽略校验的表: ['tmp_log', 'sys_history']
2025-12-11 13:06:57,937 - INFO - DB【test】共10张表，开始数据行数校验...
2025-12-11 13:06:57,955 - INFO - DB【test】的源表:bank4(6040)和目标库同名表记录数(6040)相等或相差在0条以内，记录一致
2025-12-11 13:06:57,955 - INFO - DB【test】的源表:bank1(5849)和目标库同名表记录数(5849)相等或相差在0条以内，记录一致
2025-12-11 13:06:57,955 - INFO - DB【test】的源表:bank0(5682)和目标库同名表记录数(5682)相等或相差在0条以内，记录一致
2025-12-11 13:06:57,955 - INFO - DB【test】的源表:bank3(5843)和目标库同名表记录数(5843)相等或相差在0条以内，记录一致
2025-12-11 13:06:57,955 - INFO - DB【test】的源表:bank2(5800)和目标库同名表记录数(5800)相等或相差在0条以内，记录一致
2025-12-11 13:06:57,955 - INFO - DB【test】的源表:bank7(5837)和目标库同名表记录数(5837)相等或相差在0条以内，记录一致
2025-12-11 13:06:57,955 - INFO - DB【test】的源表:bank5(5833)和目标库同名表记录数(5833)相等或相差在0条以内，记录一致
2025-12-11 13:06:57,955 - INFO - DB【test】的源表:bank8(5808)和目标库同名表记录数(5808)相等或相差在0条以内，记录一致
2025-12-11 13:06:57,955 - INFO - DB【test】的源表:bank9(5843)和目标库同名表记录数(5843)相等或相差在0条以内，记录一致
2025-12-11 13:06:57,955 - INFO - DB【test】的源表:bank6(5855)和目标库同名表记录数(5855)相等或相差在0条以内，记录一致
2025-12-11 13:06:57,955 - INFO - DB【test】校验正常结束
2025-12-11 13:06:57,955 - INFO - 校验结果已导出到：diff_result.csv
2025-12-11 13:06:57,955 - INFO - 
==================================================
2025-12-11 13:06:57,955 - INFO - 校验汇总结果：
2025-12-11 13:06:57,955 - INFO - ==================================================
DB:【test】所有表记录数一致，无异常
